{"level":"info","message":"","service":"Smtps","timestamp":"09-04-2024 08:02:59 PM"}
{"level":"info","message":"","service":"Smtps","timestamp":"09-04-2024 08:03:04 PM"}
{"level":"info","message":"Server running on Port: ${port}","service":"Smtps","timestamp":"09-04-2024 08:03:10 PM"}
{"level":"info","message":"Server running on Port: ${port}","service":"Smtps","timestamp":"09-04-2024 08:03:56 PM"}
{"level":"info","message":"Server running on Port: ${port}","service":"Smtps","timestamp":"09-04-2024 08:03:57 PM"}
{"level":"info","message":"Server running on Port: ${port}","service":"Smtps","timestamp":"09-04-2024 08:04:00 PM"}
{"level":"info","message":"Server running on Port: ${port}","service":"Smtps","timestamp":"09-04-2024 08:04:07 PM"}
{"level":"info","message":"Server running on Port: ${port}","service":"Smtps","timestamp":"09-04-2024 08:04:13 PM"}
{"level":"info","message":"Server running on Port: ${port}","service":"Smtps","timestamp":"09-04-2024 08:04:33 PM"}
{"level":"info","message":"Server running on Port: ${port}","service":"Smtps","timestamp":"09-04-2024 08:04:54 PM"}
{"level":"info","message":"Server running on Port: ${port}","service":"Smtps","timestamp":"09-04-2024 08:04:59 PM"}
{"level":"info","message":"Server running on Port: ${port}","service":"Smtps","timestamp":"09-04-2024 08:05:00 PM"}
{"level":"info","message":"Db Coinnected Successfully!","service":"Smtps","timestamp":"09-04-2024 08:05:02 PM"}
{"level":"info","message":"Server running on Port: ${port}","service":"Smtps","timestamp":"09-04-2024 08:05:02 PM"}
{"level":"info","message":"Db Coinnected Successfully!","service":"Smtps","timestamp":"09-04-2024 08:05:06 PM"}
{"level":"info","message":"Server running on Port: ${port}","service":"Smtps","timestamp":"09-04-2024 08:05:06 PM"}
{"level":"info","message":"Db Coinnected Successfully!","service":"Smtps","timestamp":"09-04-2024 08:05:13 PM"}
{"level":"info","message":"Server running on Port: ${port}","service":"Smtps","timestamp":"09-04-2024 08:05:13 PM"}
{"level":"info","message":"Db Coinnected Successfully!","service":"Smtps","timestamp":"09-04-2024 08:05:37 PM"}
{"level":"info","message":"`Server running on Port: ${port}`","service":"Smtps","timestamp":"09-04-2024 08:05:37 PM"}
{"level":"info","message":"Db Coinnected Successfully!","service":"Sch","timestamp":"09-04-2024 08:05:58 PM"}
{"level":"info","message":"`Server running on Port: ${port}`","service":"Sch","timestamp":"09-04-2024 08:05:58 PM"}
{"level":"info","message":"Db Coinnected Successfully!","service":"Sch","timestamp":"09-04-2024 08:06:03 PM"}
{"level":"info","message":"`Server running on Port: ${port}`","service":"Sch","timestamp":"09-04-2024 08:06:03 PM"}
{"level":"info","message":"Db Coinnected Successfully!","service":"Sch_","timestamp":"09-04-2024 08:06:05 PM"}
{"level":"info","message":"`Server running on Port: ${port}`","service":"Sch_","timestamp":"09-04-2024 08:06:05 PM"}
{"level":"info","message":"Db Coinnected Successfully!","service":"Sch_Management","timestamp":"09-04-2024 08:06:14 PM"}
{"level":"info","message":"`Server running on Port: ${port}`","service":"Sch_Management","timestamp":"09-04-2024 08:06:14 PM"}
{"level":"info","message":"Db Coinnected Successfully!","service":"smtp","timestamp":"09-04-2024 08:06:24 PM"}
{"level":"info","message":"`Server running on Port: ${port}`","service":"smtp","timestamp":"09-04-2024 08:06:24 PM"}
{"level":"info","message":"Db Coinnected Successfully!","service":"smtp","timestamp":"09-04-2024 08:10:19 PM"}
{"level":"info","message":"Server running on Port: 8080","service":"smtp","timestamp":"09-04-2024 08:10:19 PM"}
{"level":"info","message":"Db Coinnected Successfully!","service":"smtp","timestamp":"09-04-2024 08:15:12 PM"}
{"level":"info","message":"Server running on Port: 8080","service":"smtp","timestamp":"09-04-2024 08:15:12 PM"}
{"level":"info","message":"Db Coinnected Successfully!","service":"smtp","timestamp":"09-04-2024 08:16:03 PM"}
{"level":"info","message":"Server running on Port: 8080","service":"smtp","timestamp":"09-04-2024 08:16:03 PM"}
{"level":"info","message":"Db Coinnected Successfully!","service":"smtp","timestamp":"09-04-2024 08:16:48 PM"}
{"level":"info","message":"Server running on Port: 8080","service":"smtp","timestamp":"09-04-2024 08:16:48 PM"}
{"level":"info","message":"Db Coinnected Successfully!","service":"smtp","timestamp":"09-04-2024 08:19:15 PM"}
{"level":"info","message":"Server running on Port: 8080","service":"smtp","timestamp":"09-04-2024 08:19:15 PM"}
{"level":"info","message":"Db Coinnected Successfully!","service":"smtp","timestamp":"09-04-2024 08:19:20 PM"}
{"level":"info","message":"Server running on Port: 8080","service":"smtp","timestamp":"09-04-2024 08:19:20 PM"}
{"level":"info","message":"Db Coinnected Successfully!","service":"smtp","timestamp":"09-04-2024 08:19:21 PM"}
{"level":"info","message":"Server running on Port: 8080","service":"smtp","timestamp":"09-04-2024 08:19:21 PM"}
{"level":"info","message":"Db Coinnected Successfully!","service":"smtp","timestamp":"09-04-2024 08:19:24 PM"}
{"level":"info","message":"Server running on Port: 8080","service":"smtp","timestamp":"09-04-2024 08:19:24 PM"}
{"level":"info","message":"Db Coinnected Successfully!","service":"smtp","timestamp":"09-04-2024 08:19:28 PM"}
{"level":"info","message":"Server running on Port: 8080","service":"smtp","timestamp":"09-04-2024 08:19:28 PM"}
{"level":"info","message":"Db Coinnected Successfully!","service":"smtp","timestamp":"09-04-2024 08:19:29 PM"}
{"level":"info","message":"Server running on Port: 8080","service":"smtp","timestamp":"09-04-2024 08:19:29 PM"}
{"level":"info","message":"Db Coinnected Successfully!","service":"smtp","timestamp":"09-04-2024 08:19:43 PM"}
{"level":"info","message":"Server running on Port: 8080","service":"smtp","timestamp":"09-04-2024 08:19:43 PM"}
{"level":"info","message":"Db Coinnected Successfully!","service":"smtp","timestamp":"09-04-2024 08:19:51 PM"}
{"level":"info","message":"Server running on Port: 8080","service":"smtp","timestamp":"09-04-2024 08:19:51 PM"}
{"level":"info","message":"Db Coinnected Successfully!","service":"smtp","timestamp":"09-04-2024 08:19:53 PM"}
{"level":"info","message":"Server running on Port: 8080","service":"smtp","timestamp":"09-04-2024 08:19:53 PM"}
{"level":"info","message":"Db Coinnected Successfully!","service":"smtp","timestamp":"09-04-2024 08:19:54 PM"}
{"level":"info","message":"Server running on Port: 8080","service":"smtp","timestamp":"09-04-2024 08:19:54 PM"}
{"level":"info","message":"Db Coinnected Successfully!","service":"smtp","timestamp":"09-04-2024 08:20:01 PM"}
{"level":"info","message":"Server running on Port: 8080","service":"smtp","timestamp":"09-04-2024 08:20:01 PM"}
{"level":"info","message":"Db Coinnected Successfully!","service":"smtp","timestamp":"09-04-2024 08:20:41 PM"}
{"level":"info","message":"Server running on Port: 8080","service":"smtp","timestamp":"09-04-2024 08:20:41 PM"}
{"level":"info","message":"Db Coinnected Successfully!","service":"smtp","timestamp":"09-04-2024 08:20:54 PM"}
{"level":"info","message":"Server running on Port: 8080","service":"smtp","timestamp":"09-04-2024 08:20:54 PM"}
{"level":"info","message":"Db Coinnected Successfully!","service":"smtp","timestamp":"09-04-2024 08:20:55 PM"}
{"level":"info","message":"Server running on Port: 8080","service":"smtp","timestamp":"09-04-2024 08:20:55 PM"}
{"level":"info","message":"Db Coinnected Successfully!","service":"smtp","timestamp":"09-04-2024 08:20:57 PM"}
{"level":"info","message":"Server running on Port: 8080","service":"smtp","timestamp":"09-04-2024 08:20:57 PM"}
{"level":"info","message":"Db Coinnected Successfully!","service":"smtp","timestamp":"09-04-2024 08:21:05 PM"}
{"level":"info","message":"Server running on Port: 8080","service":"smtp","timestamp":"09-04-2024 08:21:05 PM"}
{"level":"info","message":"Db Coinnected Successfully!","service":"smtp","timestamp":"09-04-2024 08:21:07 PM"}
{"level":"info","message":"Server running on Port: 8080","service":"smtp","timestamp":"09-04-2024 08:21:07 PM"}
{"level":"info","message":"Db Coinnected Successfully!","service":"smtp","timestamp":"09-04-2024 08:21:11 PM"}
{"level":"info","message":"Server running on Port: 8080","service":"smtp","timestamp":"09-04-2024 08:21:11 PM"}
{"level":"info","message":"Db Coinnected Successfully!","service":"smtp","timestamp":"09-04-2024 08:22:35 PM"}
{"level":"info","message":"Server running on Port: 8080","service":"smtp","timestamp":"09-04-2024 08:22:35 PM"}
{"level":"info","message":"Db Coinnected Successfully!","service":"smtp","timestamp":"09-04-2024 08:22:38 PM"}
{"level":"info","message":"Server running on Port: 8080","service":"smtp","timestamp":"09-04-2024 08:22:38 PM"}
{"level":"info","message":"Db Coinnected Successfully!","service":"smtp","timestamp":"09-04-2024 08:22:40 PM"}
{"level":"info","message":"Server running on Port: 8080","service":"smtp","timestamp":"09-04-2024 08:22:40 PM"}
{"level":"info","message":"Db Coinnected Successfully!","service":"smtp","timestamp":"09-04-2024 08:22:41 PM"}
{"level":"info","message":"Server running on Port: 8080","service":"smtp","timestamp":"09-04-2024 08:22:41 PM"}
{"level":"error","message":"getaddrinfo ENOTFOUND localhost","reason":{"commonWireVersion":0,"compatible":true,"heartbeatFrequencyMS":10000,"localThresholdMS":15,"logicalSessionTimeoutMinutes":null,"maxElectionId":null,"maxSetVersion":null,"servers":{},"setName":null,"stale":false,"type":"Unknown"},"service":"smtp","stack":"MongooseServerSelectionError: getaddrinfo ENOTFOUND localhost\n    at _handleConnectionErrors (/Users/dancunwawire/Desktop/Programming/nodey/node_modules/mongoose/lib/connection.js:829:11)\n    at NativeConnection.openUri (/Users/dancunwawire/Desktop/Programming/nodey/node_modules/mongoose/lib/connection.js:804:11)\n    at async connectDB (/Users/dancunwawire/Desktop/Programming/nodey/db/connect.js:6:9)\n    at async server (/Users/dancunwawire/Desktop/Programming/nodey/app.js:36:7)","timestamp":"17-04-2024 11:52:21 PM"}
{"level":"info","message":"Server running on Port: 8080","service":"smtp","timestamp":"17-04-2024 11:52:21 PM"}
{"level":"error","message":"getaddrinfo ENOTFOUND localhost","reason":{"commonWireVersion":0,"compatible":true,"heartbeatFrequencyMS":10000,"localThresholdMS":15,"logicalSessionTimeoutMinutes":null,"maxElectionId":null,"maxSetVersion":null,"servers":{},"setName":null,"stale":false,"type":"Unknown"},"service":"smtp","stack":"MongooseServerSelectionError: getaddrinfo ENOTFOUND localhost\n    at _handleConnectionErrors (/Users/dancunwawire/Desktop/Programming/nodey/node_modules/mongoose/lib/connection.js:829:11)\n    at NativeConnection.openUri (/Users/dancunwawire/Desktop/Programming/nodey/node_modules/mongoose/lib/connection.js:804:11)\n    at async connectDB (/Users/dancunwawire/Desktop/Programming/nodey/db/connect.js:6:9)\n    at async server (/Users/dancunwawire/Desktop/Programming/nodey/app.js:36:7)","timestamp":"18-04-2024 12:00:00 AM"}
{"level":"info","message":"Server running on Port: 8080","service":"smtp","timestamp":"18-04-2024 12:00:00 AM"}
{"level":"error","message":"getaddrinfo ENOTFOUND localhost","reason":{"commonWireVersion":0,"compatible":true,"heartbeatFrequencyMS":10000,"localThresholdMS":15,"logicalSessionTimeoutMinutes":null,"maxElectionId":null,"maxSetVersion":null,"servers":{},"setName":null,"stale":false,"type":"Unknown"},"service":"smtp","stack":"MongooseServerSelectionError: getaddrinfo ENOTFOUND localhost\n    at _handleConnectionErrors (/Users/dancunwawire/Desktop/Programming/nodey/node_modules/mongoose/lib/connection.js:829:11)\n    at NativeConnection.openUri (/Users/dancunwawire/Desktop/Programming/nodey/node_modules/mongoose/lib/connection.js:804:11)\n    at async connectDB (/Users/dancunwawire/Desktop/Programming/nodey/db/connect.js:6:9)\n    at async server (/Users/dancunwawire/Desktop/Programming/nodey/app.js:36:7)","timestamp":"18-04-2024 12:01:02 AM"}
{"level":"error","message":"getaddrinfo ENOTFOUND localhost","reason":{"commonWireVersion":0,"compatible":true,"heartbeatFrequencyMS":10000,"localThresholdMS":15,"logicalSessionTimeoutMinutes":null,"maxElectionId":null,"maxSetVersion":null,"servers":{},"setName":null,"stale":false,"type":"Unknown"},"service":"smtp","stack":"MongooseServerSelectionError: getaddrinfo ENOTFOUND localhost\n    at _handleConnectionErrors (/Users/dancunwawire/Desktop/Programming/nodey/node_modules/mongoose/lib/connection.js:829:11)\n    at NativeConnection.openUri (/Users/dancunwawire/Desktop/Programming/nodey/node_modules/mongoose/lib/connection.js:804:11)\n    at async connectDB (/Users/dancunwawire/Desktop/Programming/nodey/db/connect.js:6:9)\n    at async server (/Users/dancunwawire/Desktop/Programming/nodey/app.js:36:7)","timestamp":"18-04-2024 12:02:21 AM"}
{"level":"error","message":"getaddrinfo ENOTFOUND localhost","reason":{"commonWireVersion":0,"compatible":true,"heartbeatFrequencyMS":10000,"localThresholdMS":15,"logicalSessionTimeoutMinutes":null,"maxElectionId":null,"maxSetVersion":null,"servers":{},"setName":null,"stale":false,"type":"Unknown"},"service":"smtp","stack":"MongooseServerSelectionError: getaddrinfo ENOTFOUND localhost\n    at _handleConnectionErrors (/Users/dancunwawire/Desktop/Programming/nodey/node_modules/mongoose/lib/connection.js:829:11)\n    at NativeConnection.openUri (/Users/dancunwawire/Desktop/Programming/nodey/node_modules/mongoose/lib/connection.js:804:11)\n    at async connectDB (/Users/dancunwawire/Desktop/Programming/nodey/db/connect.js:7:9)\n    at async server (/Users/dancunwawire/Desktop/Programming/nodey/app.js:36:7)","timestamp":"18-04-2024 12:03:29 AM"}
{"level":"info","message":"Db Coinnected Successfully!","service":"smtp","timestamp":"18-04-2024 11:30:59 AM"}
{"level":"info","message":"Db Coinnected Successfully!","service":"smtp","timestamp":"18-04-2024 11:55:58 AM"}
{"level":"info","message":"Db Coinnected Successfully!","service":"smtp","timestamp":"18-04-2024 11:56:42 AM"}
{"level":"info","message":"Db Coinnected Successfully!","service":"smtp","timestamp":"18-04-2024 11:56:47 AM"}
{"level":"info","message":"Db Coinnected Successfully!","service":"smtp","timestamp":"18-04-2024 11:56:50 AM"}
{"level":"info","message":"Db Coinnected Successfully!","service":"smtp","timestamp":"18-04-2024 11:56:52 AM"}
{"level":"info","message":"Db Coinnected Successfully!","service":"smtp","timestamp":"18-04-2024 11:56:53 AM"}
{"level":"info","message":"Db Coinnected Successfully!","service":"smtp","timestamp":"18-04-2024 11:56:55 AM"}
{"level":"info","message":"Db Coinnected Successfully!","service":"smtp","timestamp":"18-04-2024 12:40:38 PM"}
{"level":"info","message":"Db Coinnected Successfully!","service":"smtp","timestamp":"18-04-2024 12:40:42 PM"}
{"level":"info","message":"Db Coinnected Successfully!","service":"smtp","timestamp":"18-04-2024 12:41:17 PM"}
{"level":"info","message":"Db Coinnected Successfully!","service":"smtp","timestamp":"18-04-2024 12:41:19 PM"}
{"level":"info","message":"Db Coinnected Successfully!","service":"smtp","timestamp":"18-04-2024 12:41:29 PM"}
{"level":"info","message":"Db Coinnected Successfully!","service":"smtp","timestamp":"18-04-2024 12:42:07 PM"}
{"level":"info","message":"Db Coinnected Successfully!","service":"smtp","timestamp":"18-04-2024 12:42:10 PM"}
{"level":"info","message":"Db Coinnected Successfully!","service":"smtp","timestamp":"18-04-2024 12:42:12 PM"}
{"level":"info","message":"Db Coinnected Successfully!","service":"smtp","timestamp":"18-04-2024 12:42:13 PM"}
{"level":"info","message":"Db Coinnected Successfully!","service":"smtp","timestamp":"18-04-2024 12:42:14 PM"}
{"level":"info","message":"Db Coinnected Successfully!","service":"smtp","timestamp":"18-04-2024 12:42:19 PM"}
{"level":"info","message":"Db Coinnected Successfully!","service":"smtp","timestamp":"18-04-2024 12:42:58 PM"}
{"level":"info","message":"Db Coinnected Successfully!","service":"smtp","timestamp":"18-04-2024 12:43:26 PM"}
{"level":"info","message":"Db Coinnected Successfully!","service":"smtp","timestamp":"18-04-2024 12:43:27 PM"}
{"level":"info","message":"Db Coinnected Successfully!","service":"smtp","timestamp":"18-04-2024 12:43:29 PM"}
{"level":"info","message":"Db Coinnected Successfully!","service":"smtp","timestamp":"18-04-2024 12:43:30 PM"}
{"level":"info","message":"Db Coinnected Successfully!","service":"smtp","timestamp":"18-04-2024 12:43:34 PM"}
{"level":"info","message":"Db Coinnected Successfully!","service":"smtp","timestamp":"18-04-2024 12:43:38 PM"}
{"level":"info","message":"Db Coinnected Successfully!","service":"smtp","timestamp":"18-04-2024 12:43:56 PM"}
{"level":"info","message":"Db Coinnected Successfully!","service":"smtp","timestamp":"18-04-2024 12:44:11 PM"}
{"level":"info","message":"Db Coinnected Successfully!","service":"smtp","timestamp":"18-04-2024 12:44:23 PM"}
{"level":"info","message":"Db Coinnected Successfully!","service":"smtp","timestamp":"18-04-2024 12:44:40 PM"}
{"level":"info","message":"Db Coinnected Successfully!","service":"smtp","timestamp":"18-04-2024 12:44:43 PM"}
{"level":"info","message":"Db Coinnected Successfully!","service":"smtp","timestamp":"18-04-2024 12:44:47 PM"}
{"level":"info","message":"Db Coinnected Successfully!","service":"smtp","timestamp":"18-04-2024 12:44:52 PM"}
{"level":"info","message":"Db Coinnected Successfully!","service":"smtp","timestamp":"18-04-2024 12:46:13 PM"}
{"level":"info","message":"Db Coinnected Successfully!","service":"smtp","timestamp":"18-04-2024 12:47:15 PM"}
{"level":"info","message":"Db Coinnected Successfully!","service":"smtp","timestamp":"18-04-2024 12:47:27 PM"}
{"level":"info","message":"Db Coinnected Successfully!","service":"smtp","timestamp":"18-04-2024 12:47:31 PM"}
{"level":"info","message":"Db Coinnected Successfully!","service":"smtp","timestamp":"18-04-2024 12:47:33 PM"}
{"level":"info","message":"Db Coinnected Successfully!","service":"smtp","timestamp":"18-04-2024 12:47:45 PM"}
{"level":"info","message":"Db Coinnected Successfully!","service":"smtp","timestamp":"18-04-2024 12:47:50 PM"}
{"level":"info","message":"Db Coinnected Successfully!","service":"smtp","timestamp":"18-04-2024 12:47:54 PM"}
{"level":"info","message":"Db Coinnected Successfully!","service":"smtp","timestamp":"18-04-2024 12:47:57 PM"}
{"level":"info","message":"Db Coinnected Successfully!","service":"smtp","timestamp":"18-04-2024 12:48:15 PM"}
{"level":"info","message":"Db Coinnected Successfully!","service":"smtp","timestamp":"18-04-2024 12:48:20 PM"}
{"level":"info","message":"Db Coinnected Successfully!","service":"smtp","timestamp":"18-04-2024 12:48:43 PM"}
{"level":"info","message":"Db Coinnected Successfully!","service":"smtp","timestamp":"18-04-2024 12:48:54 PM"}
{"level":"info","message":"Db Coinnected Successfully!","service":"smtp","timestamp":"18-04-2024 05:11:59 PM"}
